ARM GAS  C:\Users\armando.bratawinata\AppData\Local\Temp\ccFgIY5S.s 			page 1


   1              		.cpu cortex-m0
   2              		.eabi_attribute 20, 1
   3              		.eabi_attribute 21, 1
   4              		.eabi_attribute 23, 3
   5              		.eabi_attribute 24, 1
   6              		.eabi_attribute 25, 1
   7              		.eabi_attribute 26, 1
   8              		.eabi_attribute 30, 1
   9              		.eabi_attribute 34, 0
  10              		.eabi_attribute 18, 4
  11              		.file	"stm32f0xx_hal_msp.c"
  12              		.text
  13              	.Ltext0:
  14              		.cfi_sections	.debug_frame
  15              		.section	.text.HAL_MspInit,"ax",%progbits
  16              		.align	1
  17              		.global	HAL_MspInit
  18              		.arch armv6s-m
  19              		.syntax unified
  20              		.code	16
  21              		.thumb_func
  22              		.fpu softvfp
  24              	HAL_MspInit:
  25              	.LFB40:
  26              		.file 1 "Core/Src/stm32f0xx_hal_msp.c"
   1:Core/Src/stm32f0xx_hal_msp.c **** /* USER CODE BEGIN Header */
   2:Core/Src/stm32f0xx_hal_msp.c **** /**
   3:Core/Src/stm32f0xx_hal_msp.c ****   ******************************************************************************
   4:Core/Src/stm32f0xx_hal_msp.c ****   * @file         stm32f0xx_hal_msp.c
   5:Core/Src/stm32f0xx_hal_msp.c ****   * @brief        This file provides code for the MSP Initialization
   6:Core/Src/stm32f0xx_hal_msp.c ****   *               and de-Initialization codes.
   7:Core/Src/stm32f0xx_hal_msp.c ****   ******************************************************************************
   8:Core/Src/stm32f0xx_hal_msp.c ****   * @attention
   9:Core/Src/stm32f0xx_hal_msp.c ****   *
  10:Core/Src/stm32f0xx_hal_msp.c ****   * <h2><center>&copy; Copyright (c) 2021 STMicroelectronics.
  11:Core/Src/stm32f0xx_hal_msp.c ****   * All rights reserved.</center></h2>
  12:Core/Src/stm32f0xx_hal_msp.c ****   *
  13:Core/Src/stm32f0xx_hal_msp.c ****   * This software component is licensed by ST under BSD 3-Clause license,
  14:Core/Src/stm32f0xx_hal_msp.c ****   * the "License"; You may not use this file except in compliance with the
  15:Core/Src/stm32f0xx_hal_msp.c ****   * License. You may obtain a copy of the License at:
  16:Core/Src/stm32f0xx_hal_msp.c ****   *                        opensource.org/licenses/BSD-3-Clause
  17:Core/Src/stm32f0xx_hal_msp.c ****   *
  18:Core/Src/stm32f0xx_hal_msp.c ****   ******************************************************************************
  19:Core/Src/stm32f0xx_hal_msp.c ****   */
  20:Core/Src/stm32f0xx_hal_msp.c **** /* USER CODE END Header */
  21:Core/Src/stm32f0xx_hal_msp.c **** 
  22:Core/Src/stm32f0xx_hal_msp.c **** /* Includes ------------------------------------------------------------------*/
  23:Core/Src/stm32f0xx_hal_msp.c **** #include "main.h"
  24:Core/Src/stm32f0xx_hal_msp.c **** /* USER CODE BEGIN Includes */
  25:Core/Src/stm32f0xx_hal_msp.c **** 
  26:Core/Src/stm32f0xx_hal_msp.c **** /* USER CODE END Includes */
  27:Core/Src/stm32f0xx_hal_msp.c **** 
  28:Core/Src/stm32f0xx_hal_msp.c **** /* Private typedef -----------------------------------------------------------*/
  29:Core/Src/stm32f0xx_hal_msp.c **** /* USER CODE BEGIN TD */
  30:Core/Src/stm32f0xx_hal_msp.c **** 
  31:Core/Src/stm32f0xx_hal_msp.c **** /* USER CODE END TD */
  32:Core/Src/stm32f0xx_hal_msp.c **** 
ARM GAS  C:\Users\armando.bratawinata\AppData\Local\Temp\ccFgIY5S.s 			page 2


  33:Core/Src/stm32f0xx_hal_msp.c **** /* Private define ------------------------------------------------------------*/
  34:Core/Src/stm32f0xx_hal_msp.c **** /* USER CODE BEGIN Define */
  35:Core/Src/stm32f0xx_hal_msp.c **** 
  36:Core/Src/stm32f0xx_hal_msp.c **** /* USER CODE END Define */
  37:Core/Src/stm32f0xx_hal_msp.c **** 
  38:Core/Src/stm32f0xx_hal_msp.c **** /* Private macro -------------------------------------------------------------*/
  39:Core/Src/stm32f0xx_hal_msp.c **** /* USER CODE BEGIN Macro */
  40:Core/Src/stm32f0xx_hal_msp.c **** 
  41:Core/Src/stm32f0xx_hal_msp.c **** /* USER CODE END Macro */
  42:Core/Src/stm32f0xx_hal_msp.c **** 
  43:Core/Src/stm32f0xx_hal_msp.c **** /* Private variables ---------------------------------------------------------*/
  44:Core/Src/stm32f0xx_hal_msp.c **** /* USER CODE BEGIN PV */
  45:Core/Src/stm32f0xx_hal_msp.c **** 
  46:Core/Src/stm32f0xx_hal_msp.c **** /* USER CODE END PV */
  47:Core/Src/stm32f0xx_hal_msp.c **** 
  48:Core/Src/stm32f0xx_hal_msp.c **** /* Private function prototypes -----------------------------------------------*/
  49:Core/Src/stm32f0xx_hal_msp.c **** /* USER CODE BEGIN PFP */
  50:Core/Src/stm32f0xx_hal_msp.c **** 
  51:Core/Src/stm32f0xx_hal_msp.c **** /* USER CODE END PFP */
  52:Core/Src/stm32f0xx_hal_msp.c **** 
  53:Core/Src/stm32f0xx_hal_msp.c **** /* External functions --------------------------------------------------------*/
  54:Core/Src/stm32f0xx_hal_msp.c **** /* USER CODE BEGIN ExternalFunctions */
  55:Core/Src/stm32f0xx_hal_msp.c **** 
  56:Core/Src/stm32f0xx_hal_msp.c **** /* USER CODE END ExternalFunctions */
  57:Core/Src/stm32f0xx_hal_msp.c **** 
  58:Core/Src/stm32f0xx_hal_msp.c **** /* USER CODE BEGIN 0 */
  59:Core/Src/stm32f0xx_hal_msp.c **** 
  60:Core/Src/stm32f0xx_hal_msp.c **** /* USER CODE END 0 */
  61:Core/Src/stm32f0xx_hal_msp.c **** /**
  62:Core/Src/stm32f0xx_hal_msp.c ****   * Initializes the Global MSP.
  63:Core/Src/stm32f0xx_hal_msp.c ****   */
  64:Core/Src/stm32f0xx_hal_msp.c **** void HAL_MspInit(void)
  65:Core/Src/stm32f0xx_hal_msp.c **** {
  27              		.loc 1 65 1 view -0
  28              		.cfi_startproc
  29              		@ args = 0, pretend = 0, frame = 8
  30              		@ frame_needed = 0, uses_anonymous_args = 0
  31              		@ link register save eliminated.
  32 0000 82B0     		sub	sp, sp, #8
  33              	.LCFI0:
  34              		.cfi_def_cfa_offset 8
  66:Core/Src/stm32f0xx_hal_msp.c ****   /* USER CODE BEGIN MspInit 0 */
  67:Core/Src/stm32f0xx_hal_msp.c **** 
  68:Core/Src/stm32f0xx_hal_msp.c ****   /* USER CODE END MspInit 0 */
  69:Core/Src/stm32f0xx_hal_msp.c **** 
  70:Core/Src/stm32f0xx_hal_msp.c ****   __HAL_RCC_SYSCFG_CLK_ENABLE();
  35              		.loc 1 70 3 view .LVU1
  36              	.LBB2:
  37              		.loc 1 70 3 view .LVU2
  38              		.loc 1 70 3 view .LVU3
  39 0002 0A4B     		ldr	r3, .L2
  40 0004 9969     		ldr	r1, [r3, #24]
  41 0006 0122     		movs	r2, #1
  42 0008 1143     		orrs	r1, r2
  43 000a 9961     		str	r1, [r3, #24]
  44              		.loc 1 70 3 view .LVU4
  45 000c 9969     		ldr	r1, [r3, #24]
ARM GAS  C:\Users\armando.bratawinata\AppData\Local\Temp\ccFgIY5S.s 			page 3


  46 000e 0A40     		ands	r2, r1
  47 0010 0092     		str	r2, [sp]
  48              		.loc 1 70 3 view .LVU5
  49 0012 009A     		ldr	r2, [sp]
  50              	.LBE2:
  51              		.loc 1 70 3 view .LVU6
  71:Core/Src/stm32f0xx_hal_msp.c ****   __HAL_RCC_PWR_CLK_ENABLE();
  52              		.loc 1 71 3 view .LVU7
  53              	.LBB3:
  54              		.loc 1 71 3 view .LVU8
  55              		.loc 1 71 3 view .LVU9
  56 0014 DA69     		ldr	r2, [r3, #28]
  57 0016 8021     		movs	r1, #128
  58 0018 4905     		lsls	r1, r1, #21
  59 001a 0A43     		orrs	r2, r1
  60 001c DA61     		str	r2, [r3, #28]
  61              		.loc 1 71 3 view .LVU10
  62 001e DB69     		ldr	r3, [r3, #28]
  63 0020 0B40     		ands	r3, r1
  64 0022 0193     		str	r3, [sp, #4]
  65              		.loc 1 71 3 view .LVU11
  66 0024 019B     		ldr	r3, [sp, #4]
  67              	.LBE3:
  68              		.loc 1 71 3 view .LVU12
  72:Core/Src/stm32f0xx_hal_msp.c **** 
  73:Core/Src/stm32f0xx_hal_msp.c ****   /* System interrupt init*/
  74:Core/Src/stm32f0xx_hal_msp.c **** 
  75:Core/Src/stm32f0xx_hal_msp.c ****   /* USER CODE BEGIN MspInit 1 */
  76:Core/Src/stm32f0xx_hal_msp.c **** 
  77:Core/Src/stm32f0xx_hal_msp.c ****   /* USER CODE END MspInit 1 */
  78:Core/Src/stm32f0xx_hal_msp.c **** }
  69              		.loc 1 78 1 is_stmt 0 view .LVU13
  70 0026 02B0     		add	sp, sp, #8
  71              		@ sp needed
  72 0028 7047     		bx	lr
  73              	.L3:
  74 002a C046     		.align	2
  75              	.L2:
  76 002c 00100240 		.word	1073876992
  77              		.cfi_endproc
  78              	.LFE40:
  80              		.section	.text.HAL_UART_MspInit,"ax",%progbits
  81              		.align	1
  82              		.global	HAL_UART_MspInit
  83              		.syntax unified
  84              		.code	16
  85              		.thumb_func
  86              		.fpu softvfp
  88              	HAL_UART_MspInit:
  89              	.LVL0:
  90              	.LFB41:
  79:Core/Src/stm32f0xx_hal_msp.c **** 
  80:Core/Src/stm32f0xx_hal_msp.c **** /**
  81:Core/Src/stm32f0xx_hal_msp.c **** * @brief UART MSP Initialization
  82:Core/Src/stm32f0xx_hal_msp.c **** * This function configures the hardware resources used in this example
  83:Core/Src/stm32f0xx_hal_msp.c **** * @param huart: UART handle pointer
  84:Core/Src/stm32f0xx_hal_msp.c **** * @retval None
ARM GAS  C:\Users\armando.bratawinata\AppData\Local\Temp\ccFgIY5S.s 			page 4


  85:Core/Src/stm32f0xx_hal_msp.c **** */
  86:Core/Src/stm32f0xx_hal_msp.c **** void HAL_UART_MspInit(UART_HandleTypeDef* huart)
  87:Core/Src/stm32f0xx_hal_msp.c **** {
  91              		.loc 1 87 1 is_stmt 1 view -0
  92              		.cfi_startproc
  93              		@ args = 0, pretend = 0, frame = 40
  94              		@ frame_needed = 0, uses_anonymous_args = 0
  95              		.loc 1 87 1 is_stmt 0 view .LVU15
  96 0000 10B5     		push	{r4, lr}
  97              	.LCFI1:
  98              		.cfi_def_cfa_offset 8
  99              		.cfi_offset 4, -8
 100              		.cfi_offset 14, -4
 101 0002 8AB0     		sub	sp, sp, #40
 102              	.LCFI2:
 103              		.cfi_def_cfa_offset 48
 104 0004 0400     		movs	r4, r0
  88:Core/Src/stm32f0xx_hal_msp.c ****   GPIO_InitTypeDef GPIO_InitStruct = {0};
 105              		.loc 1 88 3 is_stmt 1 view .LVU16
 106              		.loc 1 88 20 is_stmt 0 view .LVU17
 107 0006 1422     		movs	r2, #20
 108 0008 0021     		movs	r1, #0
 109 000a 05A8     		add	r0, sp, #20
 110              	.LVL1:
 111              		.loc 1 88 20 view .LVU18
 112 000c FFF7FEFF 		bl	memset
 113              	.LVL2:
  89:Core/Src/stm32f0xx_hal_msp.c ****   if(huart->Instance==USART1)
 114              		.loc 1 89 3 is_stmt 1 view .LVU19
 115              		.loc 1 89 11 is_stmt 0 view .LVU20
 116 0010 2368     		ldr	r3, [r4]
 117              		.loc 1 89 5 view .LVU21
 118 0012 2B4A     		ldr	r2, .L9
 119 0014 9342     		cmp	r3, r2
 120 0016 04D0     		beq	.L7
  90:Core/Src/stm32f0xx_hal_msp.c ****   {
  91:Core/Src/stm32f0xx_hal_msp.c ****   /* USER CODE BEGIN USART1_MspInit 0 */
  92:Core/Src/stm32f0xx_hal_msp.c **** 
  93:Core/Src/stm32f0xx_hal_msp.c ****   /* USER CODE END USART1_MspInit 0 */
  94:Core/Src/stm32f0xx_hal_msp.c ****     /* Peripheral clock enable */
  95:Core/Src/stm32f0xx_hal_msp.c ****     __HAL_RCC_USART1_CLK_ENABLE();
  96:Core/Src/stm32f0xx_hal_msp.c **** 
  97:Core/Src/stm32f0xx_hal_msp.c ****     __HAL_RCC_GPIOA_CLK_ENABLE();
  98:Core/Src/stm32f0xx_hal_msp.c ****     /**USART1 GPIO Configuration
  99:Core/Src/stm32f0xx_hal_msp.c ****     PA9     ------> USART1_TX
 100:Core/Src/stm32f0xx_hal_msp.c ****     PA10     ------> USART1_RX
 101:Core/Src/stm32f0xx_hal_msp.c ****     */
 102:Core/Src/stm32f0xx_hal_msp.c ****     GPIO_InitStruct.Pin = GPIO_PIN_9|GPIO_PIN_10;
 103:Core/Src/stm32f0xx_hal_msp.c ****     GPIO_InitStruct.Mode = GPIO_MODE_AF_PP;
 104:Core/Src/stm32f0xx_hal_msp.c ****     GPIO_InitStruct.Pull = GPIO_NOPULL;
 105:Core/Src/stm32f0xx_hal_msp.c ****     GPIO_InitStruct.Speed = GPIO_SPEED_FREQ_HIGH;
 106:Core/Src/stm32f0xx_hal_msp.c ****     GPIO_InitStruct.Alternate = GPIO_AF1_USART1;
 107:Core/Src/stm32f0xx_hal_msp.c ****     HAL_GPIO_Init(GPIOA, &GPIO_InitStruct);
 108:Core/Src/stm32f0xx_hal_msp.c **** 
 109:Core/Src/stm32f0xx_hal_msp.c ****     /* USART1 interrupt Init */
 110:Core/Src/stm32f0xx_hal_msp.c ****     HAL_NVIC_SetPriority(USART1_IRQn, 0, 0);
 111:Core/Src/stm32f0xx_hal_msp.c ****     HAL_NVIC_EnableIRQ(USART1_IRQn);
ARM GAS  C:\Users\armando.bratawinata\AppData\Local\Temp\ccFgIY5S.s 			page 5


 112:Core/Src/stm32f0xx_hal_msp.c ****   /* USER CODE BEGIN USART1_MspInit 1 */
 113:Core/Src/stm32f0xx_hal_msp.c **** 
 114:Core/Src/stm32f0xx_hal_msp.c ****   /* USER CODE END USART1_MspInit 1 */
 115:Core/Src/stm32f0xx_hal_msp.c ****   }
 116:Core/Src/stm32f0xx_hal_msp.c ****   else if(huart->Instance==USART2)
 121              		.loc 1 116 8 is_stmt 1 view .LVU22
 122              		.loc 1 116 10 is_stmt 0 view .LVU23
 123 0018 2A4A     		ldr	r2, .L9+4
 124 001a 9342     		cmp	r3, r2
 125 001c 2BD0     		beq	.L8
 126              	.L4:
 117:Core/Src/stm32f0xx_hal_msp.c ****   {
 118:Core/Src/stm32f0xx_hal_msp.c ****   /* USER CODE BEGIN USART2_MspInit 0 */
 119:Core/Src/stm32f0xx_hal_msp.c **** 
 120:Core/Src/stm32f0xx_hal_msp.c ****   /* USER CODE END USART2_MspInit 0 */
 121:Core/Src/stm32f0xx_hal_msp.c ****     /* Peripheral clock enable */
 122:Core/Src/stm32f0xx_hal_msp.c ****     __HAL_RCC_USART2_CLK_ENABLE();
 123:Core/Src/stm32f0xx_hal_msp.c **** 
 124:Core/Src/stm32f0xx_hal_msp.c ****     __HAL_RCC_GPIOA_CLK_ENABLE();
 125:Core/Src/stm32f0xx_hal_msp.c ****     /**USART2 GPIO Configuration
 126:Core/Src/stm32f0xx_hal_msp.c ****     PA2     ------> USART2_TX
 127:Core/Src/stm32f0xx_hal_msp.c ****     PA3     ------> USART2_RX
 128:Core/Src/stm32f0xx_hal_msp.c ****     */
 129:Core/Src/stm32f0xx_hal_msp.c ****     GPIO_InitStruct.Pin = USART_TX_Pin|USART_RX_Pin;
 130:Core/Src/stm32f0xx_hal_msp.c ****     GPIO_InitStruct.Mode = GPIO_MODE_AF_PP;
 131:Core/Src/stm32f0xx_hal_msp.c ****     GPIO_InitStruct.Pull = GPIO_NOPULL;
 132:Core/Src/stm32f0xx_hal_msp.c ****     GPIO_InitStruct.Speed = GPIO_SPEED_FREQ_LOW;
 133:Core/Src/stm32f0xx_hal_msp.c ****     GPIO_InitStruct.Alternate = GPIO_AF1_USART2;
 134:Core/Src/stm32f0xx_hal_msp.c ****     HAL_GPIO_Init(GPIOA, &GPIO_InitStruct);
 135:Core/Src/stm32f0xx_hal_msp.c **** 
 136:Core/Src/stm32f0xx_hal_msp.c ****     /* USART2 interrupt Init */
 137:Core/Src/stm32f0xx_hal_msp.c ****     HAL_NVIC_SetPriority(USART2_IRQn, 0, 0);
 138:Core/Src/stm32f0xx_hal_msp.c ****     HAL_NVIC_EnableIRQ(USART2_IRQn);
 139:Core/Src/stm32f0xx_hal_msp.c ****   /* USER CODE BEGIN USART2_MspInit 1 */
 140:Core/Src/stm32f0xx_hal_msp.c **** 
 141:Core/Src/stm32f0xx_hal_msp.c ****   /* USER CODE END USART2_MspInit 1 */
 142:Core/Src/stm32f0xx_hal_msp.c ****   }
 143:Core/Src/stm32f0xx_hal_msp.c **** 
 144:Core/Src/stm32f0xx_hal_msp.c **** }
 127              		.loc 1 144 1 view .LVU24
 128 001e 0AB0     		add	sp, sp, #40
 129              		@ sp needed
 130              	.LVL3:
 131              		.loc 1 144 1 view .LVU25
 132 0020 10BD     		pop	{r4, pc}
 133              	.LVL4:
 134              	.L7:
  95:Core/Src/stm32f0xx_hal_msp.c **** 
 135              		.loc 1 95 5 is_stmt 1 view .LVU26
 136              	.LBB4:
  95:Core/Src/stm32f0xx_hal_msp.c **** 
 137              		.loc 1 95 5 view .LVU27
  95:Core/Src/stm32f0xx_hal_msp.c **** 
 138              		.loc 1 95 5 view .LVU28
 139 0022 294B     		ldr	r3, .L9+8
 140 0024 9969     		ldr	r1, [r3, #24]
 141 0026 8020     		movs	r0, #128
ARM GAS  C:\Users\armando.bratawinata\AppData\Local\Temp\ccFgIY5S.s 			page 6


 142 0028 C001     		lsls	r0, r0, #7
 143 002a 0143     		orrs	r1, r0
 144 002c 9961     		str	r1, [r3, #24]
  95:Core/Src/stm32f0xx_hal_msp.c **** 
 145              		.loc 1 95 5 view .LVU29
 146 002e 9A69     		ldr	r2, [r3, #24]
 147 0030 0240     		ands	r2, r0
 148 0032 0192     		str	r2, [sp, #4]
  95:Core/Src/stm32f0xx_hal_msp.c **** 
 149              		.loc 1 95 5 view .LVU30
 150 0034 019A     		ldr	r2, [sp, #4]
 151              	.LBE4:
  95:Core/Src/stm32f0xx_hal_msp.c **** 
 152              		.loc 1 95 5 view .LVU31
  97:Core/Src/stm32f0xx_hal_msp.c ****     /**USART1 GPIO Configuration
 153              		.loc 1 97 5 view .LVU32
 154              	.LBB5:
  97:Core/Src/stm32f0xx_hal_msp.c ****     /**USART1 GPIO Configuration
 155              		.loc 1 97 5 view .LVU33
  97:Core/Src/stm32f0xx_hal_msp.c ****     /**USART1 GPIO Configuration
 156              		.loc 1 97 5 view .LVU34
 157 0036 5A69     		ldr	r2, [r3, #20]
 158 0038 8021     		movs	r1, #128
 159 003a 8902     		lsls	r1, r1, #10
 160 003c 0A43     		orrs	r2, r1
 161 003e 5A61     		str	r2, [r3, #20]
  97:Core/Src/stm32f0xx_hal_msp.c ****     /**USART1 GPIO Configuration
 162              		.loc 1 97 5 view .LVU35
 163 0040 5B69     		ldr	r3, [r3, #20]
 164 0042 0B40     		ands	r3, r1
 165 0044 0293     		str	r3, [sp, #8]
  97:Core/Src/stm32f0xx_hal_msp.c ****     /**USART1 GPIO Configuration
 166              		.loc 1 97 5 view .LVU36
 167 0046 029B     		ldr	r3, [sp, #8]
 168              	.LBE5:
  97:Core/Src/stm32f0xx_hal_msp.c ****     /**USART1 GPIO Configuration
 169              		.loc 1 97 5 view .LVU37
 102:Core/Src/stm32f0xx_hal_msp.c ****     GPIO_InitStruct.Mode = GPIO_MODE_AF_PP;
 170              		.loc 1 102 5 view .LVU38
 102:Core/Src/stm32f0xx_hal_msp.c ****     GPIO_InitStruct.Mode = GPIO_MODE_AF_PP;
 171              		.loc 1 102 25 is_stmt 0 view .LVU39
 172 0048 C023     		movs	r3, #192
 173 004a DB00     		lsls	r3, r3, #3
 174 004c 0593     		str	r3, [sp, #20]
 103:Core/Src/stm32f0xx_hal_msp.c ****     GPIO_InitStruct.Pull = GPIO_NOPULL;
 175              		.loc 1 103 5 is_stmt 1 view .LVU40
 103:Core/Src/stm32f0xx_hal_msp.c ****     GPIO_InitStruct.Pull = GPIO_NOPULL;
 176              		.loc 1 103 26 is_stmt 0 view .LVU41
 177 004e 0223     		movs	r3, #2
 178 0050 0693     		str	r3, [sp, #24]
 104:Core/Src/stm32f0xx_hal_msp.c ****     GPIO_InitStruct.Speed = GPIO_SPEED_FREQ_HIGH;
 179              		.loc 1 104 5 is_stmt 1 view .LVU42
 105:Core/Src/stm32f0xx_hal_msp.c ****     GPIO_InitStruct.Alternate = GPIO_AF1_USART1;
 180              		.loc 1 105 5 view .LVU43
 105:Core/Src/stm32f0xx_hal_msp.c ****     GPIO_InitStruct.Alternate = GPIO_AF1_USART1;
 181              		.loc 1 105 27 is_stmt 0 view .LVU44
 182 0052 0133     		adds	r3, r3, #1
ARM GAS  C:\Users\armando.bratawinata\AppData\Local\Temp\ccFgIY5S.s 			page 7


 183 0054 0893     		str	r3, [sp, #32]
 106:Core/Src/stm32f0xx_hal_msp.c ****     HAL_GPIO_Init(GPIOA, &GPIO_InitStruct);
 184              		.loc 1 106 5 is_stmt 1 view .LVU45
 106:Core/Src/stm32f0xx_hal_msp.c ****     HAL_GPIO_Init(GPIOA, &GPIO_InitStruct);
 185              		.loc 1 106 31 is_stmt 0 view .LVU46
 186 0056 023B     		subs	r3, r3, #2
 187 0058 0993     		str	r3, [sp, #36]
 107:Core/Src/stm32f0xx_hal_msp.c **** 
 188              		.loc 1 107 5 is_stmt 1 view .LVU47
 189 005a 9020     		movs	r0, #144
 190 005c 05A9     		add	r1, sp, #20
 191 005e C005     		lsls	r0, r0, #23
 192 0060 FFF7FEFF 		bl	HAL_GPIO_Init
 193              	.LVL5:
 110:Core/Src/stm32f0xx_hal_msp.c ****     HAL_NVIC_EnableIRQ(USART1_IRQn);
 194              		.loc 1 110 5 view .LVU48
 195 0064 0022     		movs	r2, #0
 196 0066 0021     		movs	r1, #0
 197 0068 1B20     		movs	r0, #27
 198 006a FFF7FEFF 		bl	HAL_NVIC_SetPriority
 199              	.LVL6:
 111:Core/Src/stm32f0xx_hal_msp.c ****   /* USER CODE BEGIN USART1_MspInit 1 */
 200              		.loc 1 111 5 view .LVU49
 201 006e 1B20     		movs	r0, #27
 202 0070 FFF7FEFF 		bl	HAL_NVIC_EnableIRQ
 203              	.LVL7:
 204 0074 D3E7     		b	.L4
 205              	.L8:
 122:Core/Src/stm32f0xx_hal_msp.c **** 
 206              		.loc 1 122 5 view .LVU50
 207              	.LBB6:
 122:Core/Src/stm32f0xx_hal_msp.c **** 
 208              		.loc 1 122 5 view .LVU51
 122:Core/Src/stm32f0xx_hal_msp.c **** 
 209              		.loc 1 122 5 view .LVU52
 210 0076 144B     		ldr	r3, .L9+8
 211 0078 D969     		ldr	r1, [r3, #28]
 212 007a 8022     		movs	r2, #128
 213 007c 9202     		lsls	r2, r2, #10
 214 007e 1143     		orrs	r1, r2
 215 0080 D961     		str	r1, [r3, #28]
 122:Core/Src/stm32f0xx_hal_msp.c **** 
 216              		.loc 1 122 5 view .LVU53
 217 0082 D969     		ldr	r1, [r3, #28]
 218 0084 1140     		ands	r1, r2
 219 0086 0391     		str	r1, [sp, #12]
 122:Core/Src/stm32f0xx_hal_msp.c **** 
 220              		.loc 1 122 5 view .LVU54
 221 0088 0399     		ldr	r1, [sp, #12]
 222              	.LBE6:
 122:Core/Src/stm32f0xx_hal_msp.c **** 
 223              		.loc 1 122 5 view .LVU55
 124:Core/Src/stm32f0xx_hal_msp.c ****     /**USART2 GPIO Configuration
 224              		.loc 1 124 5 view .LVU56
 225              	.LBB7:
 124:Core/Src/stm32f0xx_hal_msp.c ****     /**USART2 GPIO Configuration
 226              		.loc 1 124 5 view .LVU57
ARM GAS  C:\Users\armando.bratawinata\AppData\Local\Temp\ccFgIY5S.s 			page 8


 124:Core/Src/stm32f0xx_hal_msp.c ****     /**USART2 GPIO Configuration
 227              		.loc 1 124 5 view .LVU58
 228 008a 5969     		ldr	r1, [r3, #20]
 229 008c 1143     		orrs	r1, r2
 230 008e 5961     		str	r1, [r3, #20]
 124:Core/Src/stm32f0xx_hal_msp.c ****     /**USART2 GPIO Configuration
 231              		.loc 1 124 5 view .LVU59
 232 0090 5B69     		ldr	r3, [r3, #20]
 233 0092 1A40     		ands	r2, r3
 234 0094 0492     		str	r2, [sp, #16]
 124:Core/Src/stm32f0xx_hal_msp.c ****     /**USART2 GPIO Configuration
 235              		.loc 1 124 5 view .LVU60
 236 0096 049B     		ldr	r3, [sp, #16]
 237              	.LBE7:
 124:Core/Src/stm32f0xx_hal_msp.c ****     /**USART2 GPIO Configuration
 238              		.loc 1 124 5 view .LVU61
 129:Core/Src/stm32f0xx_hal_msp.c ****     GPIO_InitStruct.Mode = GPIO_MODE_AF_PP;
 239              		.loc 1 129 5 view .LVU62
 129:Core/Src/stm32f0xx_hal_msp.c ****     GPIO_InitStruct.Mode = GPIO_MODE_AF_PP;
 240              		.loc 1 129 25 is_stmt 0 view .LVU63
 241 0098 0C23     		movs	r3, #12
 242 009a 0593     		str	r3, [sp, #20]
 130:Core/Src/stm32f0xx_hal_msp.c ****     GPIO_InitStruct.Pull = GPIO_NOPULL;
 243              		.loc 1 130 5 is_stmt 1 view .LVU64
 130:Core/Src/stm32f0xx_hal_msp.c ****     GPIO_InitStruct.Pull = GPIO_NOPULL;
 244              		.loc 1 130 26 is_stmt 0 view .LVU65
 245 009c 0A3B     		subs	r3, r3, #10
 246 009e 0693     		str	r3, [sp, #24]
 131:Core/Src/stm32f0xx_hal_msp.c ****     GPIO_InitStruct.Speed = GPIO_SPEED_FREQ_LOW;
 247              		.loc 1 131 5 is_stmt 1 view .LVU66
 132:Core/Src/stm32f0xx_hal_msp.c ****     GPIO_InitStruct.Alternate = GPIO_AF1_USART2;
 248              		.loc 1 132 5 view .LVU67
 133:Core/Src/stm32f0xx_hal_msp.c ****     HAL_GPIO_Init(GPIOA, &GPIO_InitStruct);
 249              		.loc 1 133 5 view .LVU68
 133:Core/Src/stm32f0xx_hal_msp.c ****     HAL_GPIO_Init(GPIOA, &GPIO_InitStruct);
 250              		.loc 1 133 31 is_stmt 0 view .LVU69
 251 00a0 013B     		subs	r3, r3, #1
 252 00a2 0993     		str	r3, [sp, #36]
 134:Core/Src/stm32f0xx_hal_msp.c **** 
 253              		.loc 1 134 5 is_stmt 1 view .LVU70
 254 00a4 9020     		movs	r0, #144
 255 00a6 05A9     		add	r1, sp, #20
 256 00a8 C005     		lsls	r0, r0, #23
 257 00aa FFF7FEFF 		bl	HAL_GPIO_Init
 258              	.LVL8:
 137:Core/Src/stm32f0xx_hal_msp.c ****     HAL_NVIC_EnableIRQ(USART2_IRQn);
 259              		.loc 1 137 5 view .LVU71
 260 00ae 0022     		movs	r2, #0
 261 00b0 0021     		movs	r1, #0
 262 00b2 1C20     		movs	r0, #28
 263 00b4 FFF7FEFF 		bl	HAL_NVIC_SetPriority
 264              	.LVL9:
 138:Core/Src/stm32f0xx_hal_msp.c ****   /* USER CODE BEGIN USART2_MspInit 1 */
 265              		.loc 1 138 5 view .LVU72
 266 00b8 1C20     		movs	r0, #28
 267 00ba FFF7FEFF 		bl	HAL_NVIC_EnableIRQ
 268              	.LVL10:
ARM GAS  C:\Users\armando.bratawinata\AppData\Local\Temp\ccFgIY5S.s 			page 9


 269              		.loc 1 144 1 is_stmt 0 view .LVU73
 270 00be AEE7     		b	.L4
 271              	.L10:
 272              		.align	2
 273              	.L9:
 274 00c0 00380140 		.word	1073821696
 275 00c4 00440040 		.word	1073759232
 276 00c8 00100240 		.word	1073876992
 277              		.cfi_endproc
 278              	.LFE41:
 280              		.section	.text.HAL_UART_MspDeInit,"ax",%progbits
 281              		.align	1
 282              		.global	HAL_UART_MspDeInit
 283              		.syntax unified
 284              		.code	16
 285              		.thumb_func
 286              		.fpu softvfp
 288              	HAL_UART_MspDeInit:
 289              	.LVL11:
 290              	.LFB42:
 145:Core/Src/stm32f0xx_hal_msp.c **** 
 146:Core/Src/stm32f0xx_hal_msp.c **** /**
 147:Core/Src/stm32f0xx_hal_msp.c **** * @brief UART MSP De-Initialization
 148:Core/Src/stm32f0xx_hal_msp.c **** * This function freeze the hardware resources used in this example
 149:Core/Src/stm32f0xx_hal_msp.c **** * @param huart: UART handle pointer
 150:Core/Src/stm32f0xx_hal_msp.c **** * @retval None
 151:Core/Src/stm32f0xx_hal_msp.c **** */
 152:Core/Src/stm32f0xx_hal_msp.c **** void HAL_UART_MspDeInit(UART_HandleTypeDef* huart)
 153:Core/Src/stm32f0xx_hal_msp.c **** {
 291              		.loc 1 153 1 is_stmt 1 view -0
 292              		.cfi_startproc
 293              		@ args = 0, pretend = 0, frame = 0
 294              		@ frame_needed = 0, uses_anonymous_args = 0
 295              		.loc 1 153 1 is_stmt 0 view .LVU75
 296 0000 10B5     		push	{r4, lr}
 297              	.LCFI3:
 298              		.cfi_def_cfa_offset 8
 299              		.cfi_offset 4, -8
 300              		.cfi_offset 14, -4
 154:Core/Src/stm32f0xx_hal_msp.c ****   if(huart->Instance==USART1)
 301              		.loc 1 154 3 is_stmt 1 view .LVU76
 302              		.loc 1 154 11 is_stmt 0 view .LVU77
 303 0002 0368     		ldr	r3, [r0]
 304              		.loc 1 154 5 view .LVU78
 305 0004 114A     		ldr	r2, .L16
 306 0006 9342     		cmp	r3, r2
 307 0008 03D0     		beq	.L14
 155:Core/Src/stm32f0xx_hal_msp.c ****   {
 156:Core/Src/stm32f0xx_hal_msp.c ****   /* USER CODE BEGIN USART1_MspDeInit 0 */
 157:Core/Src/stm32f0xx_hal_msp.c **** 
 158:Core/Src/stm32f0xx_hal_msp.c ****   /* USER CODE END USART1_MspDeInit 0 */
 159:Core/Src/stm32f0xx_hal_msp.c ****     /* Peripheral clock disable */
 160:Core/Src/stm32f0xx_hal_msp.c ****     __HAL_RCC_USART1_CLK_DISABLE();
 161:Core/Src/stm32f0xx_hal_msp.c **** 
 162:Core/Src/stm32f0xx_hal_msp.c ****     /**USART1 GPIO Configuration
 163:Core/Src/stm32f0xx_hal_msp.c ****     PA9     ------> USART1_TX
 164:Core/Src/stm32f0xx_hal_msp.c ****     PA10     ------> USART1_RX
ARM GAS  C:\Users\armando.bratawinata\AppData\Local\Temp\ccFgIY5S.s 			page 10


 165:Core/Src/stm32f0xx_hal_msp.c ****     */
 166:Core/Src/stm32f0xx_hal_msp.c ****     HAL_GPIO_DeInit(GPIOA, GPIO_PIN_9|GPIO_PIN_10);
 167:Core/Src/stm32f0xx_hal_msp.c **** 
 168:Core/Src/stm32f0xx_hal_msp.c ****     /* USART1 interrupt DeInit */
 169:Core/Src/stm32f0xx_hal_msp.c ****     HAL_NVIC_DisableIRQ(USART1_IRQn);
 170:Core/Src/stm32f0xx_hal_msp.c ****   /* USER CODE BEGIN USART1_MspDeInit 1 */
 171:Core/Src/stm32f0xx_hal_msp.c **** 
 172:Core/Src/stm32f0xx_hal_msp.c ****   /* USER CODE END USART1_MspDeInit 1 */
 173:Core/Src/stm32f0xx_hal_msp.c ****   }
 174:Core/Src/stm32f0xx_hal_msp.c ****   else if(huart->Instance==USART2)
 308              		.loc 1 174 8 is_stmt 1 view .LVU79
 309              		.loc 1 174 10 is_stmt 0 view .LVU80
 310 000a 114A     		ldr	r2, .L16+4
 311 000c 9342     		cmp	r3, r2
 312 000e 0FD0     		beq	.L15
 313              	.LVL12:
 314              	.L11:
 175:Core/Src/stm32f0xx_hal_msp.c ****   {
 176:Core/Src/stm32f0xx_hal_msp.c ****   /* USER CODE BEGIN USART2_MspDeInit 0 */
 177:Core/Src/stm32f0xx_hal_msp.c **** 
 178:Core/Src/stm32f0xx_hal_msp.c ****   /* USER CODE END USART2_MspDeInit 0 */
 179:Core/Src/stm32f0xx_hal_msp.c ****     /* Peripheral clock disable */
 180:Core/Src/stm32f0xx_hal_msp.c ****     __HAL_RCC_USART2_CLK_DISABLE();
 181:Core/Src/stm32f0xx_hal_msp.c **** 
 182:Core/Src/stm32f0xx_hal_msp.c ****     /**USART2 GPIO Configuration
 183:Core/Src/stm32f0xx_hal_msp.c ****     PA2     ------> USART2_TX
 184:Core/Src/stm32f0xx_hal_msp.c ****     PA3     ------> USART2_RX
 185:Core/Src/stm32f0xx_hal_msp.c ****     */
 186:Core/Src/stm32f0xx_hal_msp.c ****     HAL_GPIO_DeInit(GPIOA, USART_TX_Pin|USART_RX_Pin);
 187:Core/Src/stm32f0xx_hal_msp.c **** 
 188:Core/Src/stm32f0xx_hal_msp.c ****     /* USART2 interrupt DeInit */
 189:Core/Src/stm32f0xx_hal_msp.c ****     HAL_NVIC_DisableIRQ(USART2_IRQn);
 190:Core/Src/stm32f0xx_hal_msp.c ****   /* USER CODE BEGIN USART2_MspDeInit 1 */
 191:Core/Src/stm32f0xx_hal_msp.c **** 
 192:Core/Src/stm32f0xx_hal_msp.c ****   /* USER CODE END USART2_MspDeInit 1 */
 193:Core/Src/stm32f0xx_hal_msp.c ****   }
 194:Core/Src/stm32f0xx_hal_msp.c **** 
 195:Core/Src/stm32f0xx_hal_msp.c **** }
 315              		.loc 1 195 1 view .LVU81
 316              		@ sp needed
 317 0010 10BD     		pop	{r4, pc}
 318              	.LVL13:
 319              	.L14:
 160:Core/Src/stm32f0xx_hal_msp.c **** 
 320              		.loc 1 160 5 is_stmt 1 view .LVU82
 321 0012 104A     		ldr	r2, .L16+8
 322 0014 9369     		ldr	r3, [r2, #24]
 323 0016 1049     		ldr	r1, .L16+12
 324 0018 0B40     		ands	r3, r1
 325 001a 9361     		str	r3, [r2, #24]
 166:Core/Src/stm32f0xx_hal_msp.c **** 
 326              		.loc 1 166 5 view .LVU83
 327 001c C021     		movs	r1, #192
 328 001e 9020     		movs	r0, #144
 329              	.LVL14:
 166:Core/Src/stm32f0xx_hal_msp.c **** 
 330              		.loc 1 166 5 is_stmt 0 view .LVU84
ARM GAS  C:\Users\armando.bratawinata\AppData\Local\Temp\ccFgIY5S.s 			page 11


 331 0020 C900     		lsls	r1, r1, #3
 332 0022 C005     		lsls	r0, r0, #23
 333 0024 FFF7FEFF 		bl	HAL_GPIO_DeInit
 334              	.LVL15:
 169:Core/Src/stm32f0xx_hal_msp.c ****   /* USER CODE BEGIN USART1_MspDeInit 1 */
 335              		.loc 1 169 5 is_stmt 1 view .LVU85
 336 0028 1B20     		movs	r0, #27
 337 002a FFF7FEFF 		bl	HAL_NVIC_DisableIRQ
 338              	.LVL16:
 339 002e EFE7     		b	.L11
 340              	.LVL17:
 341              	.L15:
 180:Core/Src/stm32f0xx_hal_msp.c **** 
 342              		.loc 1 180 5 view .LVU86
 343 0030 084A     		ldr	r2, .L16+8
 344 0032 D369     		ldr	r3, [r2, #28]
 345 0034 0949     		ldr	r1, .L16+16
 346 0036 0B40     		ands	r3, r1
 347 0038 D361     		str	r3, [r2, #28]
 186:Core/Src/stm32f0xx_hal_msp.c **** 
 348              		.loc 1 186 5 view .LVU87
 349 003a 9020     		movs	r0, #144
 350              	.LVL18:
 186:Core/Src/stm32f0xx_hal_msp.c **** 
 351              		.loc 1 186 5 is_stmt 0 view .LVU88
 352 003c 0C21     		movs	r1, #12
 353 003e C005     		lsls	r0, r0, #23
 354 0040 FFF7FEFF 		bl	HAL_GPIO_DeInit
 355              	.LVL19:
 189:Core/Src/stm32f0xx_hal_msp.c ****   /* USER CODE BEGIN USART2_MspDeInit 1 */
 356              		.loc 1 189 5 is_stmt 1 view .LVU89
 357 0044 1C20     		movs	r0, #28
 358 0046 FFF7FEFF 		bl	HAL_NVIC_DisableIRQ
 359              	.LVL20:
 360              		.loc 1 195 1 is_stmt 0 view .LVU90
 361 004a E1E7     		b	.L11
 362              	.L17:
 363              		.align	2
 364              	.L16:
 365 004c 00380140 		.word	1073821696
 366 0050 00440040 		.word	1073759232
 367 0054 00100240 		.word	1073876992
 368 0058 FFBFFFFF 		.word	-16385
 369 005c FFFFFDFF 		.word	-131073
 370              		.cfi_endproc
 371              	.LFE42:
 373              		.text
 374              	.Letext0:
 375              		.file 2 "c:\\dev\\tools\\gcc-arm-none-eabi-10.3-2021.07\\arm-none-eabi\\include\\machine\\_default
 376              		.file 3 "c:\\dev\\tools\\gcc-arm-none-eabi-10.3-2021.07\\arm-none-eabi\\include\\sys\\_stdint.h"
 377              		.file 4 "Drivers/CMSIS/Device/ST/STM32F0xx/Include/stm32f030x8.h"
 378              		.file 5 "Drivers/STM32F0xx_HAL_Driver/Inc/stm32f0xx_hal_def.h"
 379              		.file 6 "Drivers/STM32F0xx_HAL_Driver/Inc/stm32f0xx_hal_gpio.h"
 380              		.file 7 "Drivers/STM32F0xx_HAL_Driver/Inc/stm32f0xx_hal_dma.h"
 381              		.file 8 "Drivers/STM32F0xx_HAL_Driver/Inc/stm32f0xx_hal_uart.h"
 382              		.file 9 "Drivers/STM32F0xx_HAL_Driver/Inc/stm32f0xx_hal_cortex.h"
 383              		.file 10 "<built-in>"
ARM GAS  C:\Users\armando.bratawinata\AppData\Local\Temp\ccFgIY5S.s 			page 12


ARM GAS  C:\Users\armando.bratawinata\AppData\Local\Temp\ccFgIY5S.s 			page 13


DEFINED SYMBOLS
                            *ABS*:00000000 stm32f0xx_hal_msp.c
C:\Users\armando.bratawinata\AppData\Local\Temp\ccFgIY5S.s:16     .text.HAL_MspInit:00000000 $t
C:\Users\armando.bratawinata\AppData\Local\Temp\ccFgIY5S.s:24     .text.HAL_MspInit:00000000 HAL_MspInit
C:\Users\armando.bratawinata\AppData\Local\Temp\ccFgIY5S.s:76     .text.HAL_MspInit:0000002c $d
C:\Users\armando.bratawinata\AppData\Local\Temp\ccFgIY5S.s:81     .text.HAL_UART_MspInit:00000000 $t
C:\Users\armando.bratawinata\AppData\Local\Temp\ccFgIY5S.s:88     .text.HAL_UART_MspInit:00000000 HAL_UART_MspInit
C:\Users\armando.bratawinata\AppData\Local\Temp\ccFgIY5S.s:274    .text.HAL_UART_MspInit:000000c0 $d
C:\Users\armando.bratawinata\AppData\Local\Temp\ccFgIY5S.s:281    .text.HAL_UART_MspDeInit:00000000 $t
C:\Users\armando.bratawinata\AppData\Local\Temp\ccFgIY5S.s:288    .text.HAL_UART_MspDeInit:00000000 HAL_UART_MspDeInit
C:\Users\armando.bratawinata\AppData\Local\Temp\ccFgIY5S.s:365    .text.HAL_UART_MspDeInit:0000004c $d

UNDEFINED SYMBOLS
memset
HAL_GPIO_Init
HAL_NVIC_SetPriority
HAL_NVIC_EnableIRQ
HAL_GPIO_DeInit
HAL_NVIC_DisableIRQ
